<?xml version="1.0" encoding="UTF-8"?>
<!-- Generated by org.testng.reporters.JUnitReportReporter -->
<testsuite hostname="NTPC01507" name="testcases.Leaveapplication" tests="3" failures="0" timestamp="17 Dec 2018 08:57:34 GMT" time="12.912" errors="0">
  <testcase name="Leaveassign" time="6.158" classname="testcases.Leaveapplication"/>
  <testcase name="leavereport" time="2.404" classname="testcases.Leaveapplication"/>
  <testcase name="login" time="4.350" classname="testcases.Leaveapplication"/>
</testsuite> <!-- testcases.Leaveapplication -->
